c:\users\administrator.jusin-20210127w\documents\jusin_sr\d3dx_sr_team\sr_engine\debug\vc140.pdb
c:\users\administrator.jusin-20210127w\documents\jusin_sr\d3dx_sr_team\sr_engine\debug\vc140.idb
c:\users\administrator.jusin-20210127w\documents\jusin_sr\d3dx_sr_team\sr_engine\debug\key_manager.obj
c:\users\administrator.jusin-20210127w\documents\jusin_sr\d3dx_sr_team\sr_engine\debug\layer.obj
c:\users\administrator.jusin-20210127w\documents\jusin_sr\d3dx_sr_team\sr_engine\debug\scene.obj
c:\users\administrator.jusin-20210127w\documents\jusin_sr\d3dx_sr_team\sr_engine\debug\scene_manager.obj
c:\users\administrator.jusin-20210127w\documents\jusin_sr\d3dx_sr_team\sr_engine\debug\soundmanager.obj
c:\users\administrator.jusin-20210127w\documents\jusin_sr\d3dx_sr_team\sr_engine\debug\texture.obj
c:\users\administrator.jusin-20210127w\documents\jusin_sr\d3dx_sr_team\sr_engine\debug\time_manager.obj
c:\users\administrator.jusin-20210127w\documents\jusin_sr\d3dx_sr_team\sr_engine\debug\transform.obj
c:\users\administrator.jusin-20210127w\documents\jusin_sr\d3dx_sr_team\sr_engine\debug\vibuffer_alpha_round.obj
c:\users\administrator.jusin-20210127w\documents\jusin_sr\d3dx_sr_team\sr_engine\debug\vibuffer_cubecolor.obj
c:\users\administrator.jusin-20210127w\documents\jusin_sr\d3dx_sr_team\sr_engine\debug\graphicdevice.obj
c:\users\administrator.jusin-20210127w\documents\jusin_sr\d3dx_sr_team\sr_engine\debug\management.obj
c:\users\administrator.jusin-20210127w\documents\jusin_sr\d3dx_sr_team\sr_engine\debug\renderer.obj
c:\users\administrator.jusin-20210127w\documents\jusin_sr\d3dx_sr_team\sr_engine\debug\vibuffer.obj
c:\users\administrator.jusin-20210127w\documents\jusin_sr\d3dx_sr_team\sr_engine\debug\vibuffer_cubetexture.obj
c:\users\administrator.jusin-20210127w\documents\jusin_sr\d3dx_sr_team\sr_engine\debug\vibuffer_rect.obj
c:\users\administrator.jusin-20210127w\documents\jusin_sr\d3dx_sr_team\sr_engine\debug\vibuffer_recttexture.obj
c:\users\administrator.jusin-20210127w\documents\jusin_sr\d3dx_sr_team\sr_engine\debug\vibuffer_slidecubecolor.obj
c:\users\administrator.jusin-20210127w\documents\jusin_sr\d3dx_sr_team\sr_engine\debug\vibuffer_terrain.obj
c:\users\administrator.jusin-20210127w\documents\jusin_sr\d3dx_sr_team\sr_engine\debug\vibuffer_cubeinvisible.obj
c:\users\administrator.jusin-20210127w\documents\jusin_sr\d3dx_sr_team\sr_engine\debug\base.obj
c:\users\administrator.jusin-20210127w\documents\jusin_sr\d3dx_sr_team\sr_engine\debug\camera.obj
c:\users\administrator.jusin-20210127w\documents\jusin_sr\d3dx_sr_team\sr_engine\debug\collisionmanager.obj
c:\users\administrator.jusin-20210127w\documents\jusin_sr\d3dx_sr_team\sr_engine\debug\component.obj
c:\users\administrator.jusin-20210127w\documents\jusin_sr\d3dx_sr_team\sr_engine\debug\component_manager.obj
c:\users\administrator.jusin-20210127w\documents\jusin_sr\d3dx_sr_team\sr_engine\debug\font_component.obj
c:\users\administrator.jusin-20210127w\documents\jusin_sr\d3dx_sr_team\sr_engine\debug\gameobject.obj
c:\users\administrator.jusin-20210127w\documents\jusin_sr\d3dx_sr_team\sr_engine\debug\gameobject_manager.obj
c:\users\administrator.jusin-20210127w\documents\jusin_sr\d3dx_sr_team\sr_engine\debug\healthcondition.obj
c:\users\administrator.jusin-20210127w\documents\jusin_sr\d3dx_sr_team\sr_engine\binary\sr_engine.ilk
c:\users\administrator.jusin-20210127w\documents\jusin_sr\d3dx_sr_team\sr_engine\binary\sr_engine.dll
c:\users\administrator.jusin-20210127w\documents\jusin_sr\d3dx_sr_team\sr_engine\binary\sr_engine.pdb
c:\users\administrator.jusin-20210127w\documents\jusin_sr\d3dx_sr_team\sr_engine\binary\sr_engine.lib
c:\users\administrator.jusin-20210127w\documents\jusin_sr\d3dx_sr_team\sr_engine\binary\sr_engine.exp
c:\users\administrator.jusin-20210127w\documents\jusin_sr\d3dx_sr_team\sr_engine\./binary/sr_engine.dll
c:\users\administrator.jusin-20210127w\documents\jusin_sr\d3dx_sr_team\sr_engine\debug\sr_engine.tlog\cl.command.1.tlog
c:\users\administrator.jusin-20210127w\documents\jusin_sr\d3dx_sr_team\sr_engine\debug\sr_engine.tlog\cl.read.1.tlog
c:\users\administrator.jusin-20210127w\documents\jusin_sr\d3dx_sr_team\sr_engine\debug\sr_engine.tlog\cl.write.1.tlog
c:\users\administrator.jusin-20210127w\documents\jusin_sr\d3dx_sr_team\sr_engine\debug\sr_engine.tlog\link.command.1.tlog
c:\users\administrator.jusin-20210127w\documents\jusin_sr\d3dx_sr_team\sr_engine\debug\sr_engine.tlog\link.read.1.tlog
c:\users\administrator.jusin-20210127w\documents\jusin_sr\d3dx_sr_team\sr_engine\debug\sr_engine.tlog\link.write.1.tlog
c:\users\administrator.jusin-20210127w\documents\jusin_sr\d3dx_sr_team\sr_engine\debug\sr_engine.tlog\sr_engine.write.1u.tlog
