c:\users\administrator.jusin-20210127w\desktop\0415_타격이펙트랑 버프시속도\engine\system\include\debug\vc140.pdb
c:\users\administrator.jusin-20210127w\desktop\0415_타격이펙트랑 버프시속도\engine\system\include\debug\vc140.idb
c:\users\administrator.jusin-20210127w\desktop\0415_타격이펙트랑 버프시속도\engine\system\include\debug\font.obj
c:\users\administrator.jusin-20210127w\desktop\0415_타격이펙트랑 버프시속도\engine\system\include\debug\fontmgr.obj
c:\users\administrator.jusin-20210127w\desktop\0415_타격이펙트랑 버프시속도\engine\system\include\debug\frame.obj
c:\users\administrator.jusin-20210127w\desktop\0415_타격이펙트랑 버프시속도\engine\system\include\debug\framemgr.obj
c:\users\administrator.jusin-20210127w\desktop\0415_타격이펙트랑 버프시속도\engine\system\include\debug\graphicdev.obj
c:\users\administrator.jusin-20210127w\desktop\0415_타격이펙트랑 버프시속도\engine\system\include\debug\inputdev.obj
c:\users\administrator.jusin-20210127w\desktop\0415_타격이펙트랑 버프시속도\engine\system\include\debug\timer.obj
c:\users\administrator.jusin-20210127w\desktop\0415_타격이펙트랑 버프시속도\engine\system\include\debug\timermgr.obj
c:\users\administrator.jusin-20210127w\desktop\0415_타격이펙트랑 버프시속도\engine\system\bin\system.ilk
c:\users\administrator.jusin-20210127w\desktop\0415_타격이펙트랑 버프시속도\engine\system\bin\system.dll
c:\users\administrator.jusin-20210127w\desktop\0415_타격이펙트랑 버프시속도\engine\system\bin\system.pdb
c:\users\administrator.jusin-20210127w\desktop\0415_타격이펙트랑 버프시속도\engine\system\bin\system.lib
c:\users\administrator.jusin-20210127w\desktop\0415_타격이펙트랑 버프시속도\engine\system\bin\system.exp
c:\users\administrator.jusin-20210127w\desktop\0415_타격이펙트랑 버프시속도\engine\system\include\../bin\system.dll
c:\users\administrator.jusin-20210127w\desktop\0415_타격이펙트랑 버프시속도\engine\system\include\debug\system.tlog\cl.command.1.tlog
c:\users\administrator.jusin-20210127w\desktop\0415_타격이펙트랑 버프시속도\engine\system\include\debug\system.tlog\cl.read.1.tlog
c:\users\administrator.jusin-20210127w\desktop\0415_타격이펙트랑 버프시속도\engine\system\include\debug\system.tlog\cl.write.1.tlog
c:\users\administrator.jusin-20210127w\desktop\0415_타격이펙트랑 버프시속도\engine\system\include\debug\system.tlog\link.command.1.tlog
c:\users\administrator.jusin-20210127w\desktop\0415_타격이펙트랑 버프시속도\engine\system\include\debug\system.tlog\link.read.1.tlog
c:\users\administrator.jusin-20210127w\desktop\0415_타격이펙트랑 버프시속도\engine\system\include\debug\system.tlog\link.write.1.tlog
c:\users\administrator.jusin-20210127w\desktop\0415_타격이펙트랑 버프시속도\engine\system\include\debug\system.tlog\system.write.1u.tlog
