c:\users\administrator.jusin-20180518k\desktop\11월30일 17시00분\superrobot\client\release\client.pch
c:\users\administrator.jusin-20180518k\desktop\11월30일 17시00분\superrobot\client\release\vc140.pdb
c:\users\administrator.jusin-20180518k\desktop\11월30일 17시00분\superrobot\client\release\stdafx.obj
c:\users\administrator.jusin-20180518k\desktop\11월30일 17시00분\superrobot\client\release\stage.obj
c:\users\administrator.jusin-20180518k\desktop\11월30일 17시00분\superrobot\client\release\single_texture.obj
c:\users\administrator.jusin-20180518k\desktop\11월30일 17시00분\superrobot\client\release\scroll_manager.obj
c:\users\administrator.jusin-20180518k\desktop\11월30일 17시00분\superrobot\client\release\scrollmgr.obj
c:\users\administrator.jusin-20180518k\desktop\11월30일 17시00분\superrobot\client\release\scene_manager.obj
c:\users\administrator.jusin-20180518k\desktop\11월30일 17시00분\superrobot\client\release\scene.obj
c:\users\administrator.jusin-20180518k\desktop\11월30일 17시00분\superrobot\client\release\multi_texture.obj
c:\users\administrator.jusin-20180518k\desktop\11월30일 17시00분\superrobot\client\release\mousepointer.obj
c:\users\administrator.jusin-20180518k\desktop\11월30일 17시00분\superrobot\client\release\monster2.obj
c:\users\administrator.jusin-20180518k\desktop\11월30일 17시00분\superrobot\client\release\monster1.obj
c:\users\administrator.jusin-20180518k\desktop\11월30일 17시00분\superrobot\client\release\mazingerz.obj
c:\users\administrator.jusin-20180518k\desktop\11월30일 17시00분\superrobot\client\release\mainapp.obj
c:\users\administrator.jusin-20180518k\desktop\11월30일 17시00분\superrobot\client\release\key_manager.obj
c:\users\administrator.jusin-20180518k\desktop\11월30일 17시00분\superrobot\client\release\gundammk.obj
c:\users\administrator.jusin-20180518k\desktop\11월30일 17시00분\superrobot\client\release\graphic_device.obj
c:\users\administrator.jusin-20180518k\desktop\11월30일 17시00분\superrobot\client\release\gameobject_manger.obj
c:\users\administrator.jusin-20180518k\desktop\11월30일 17시00분\superrobot\client\release\gameobject.obj
c:\users\administrator.jusin-20180518k\desktop\11월30일 17시00분\superrobot\client\release\frame_manager.obj
c:\users\administrator.jusin-20180518k\desktop\11월30일 17시00분\superrobot\client\release\client.obj
c:\users\administrator.jusin-20180518k\desktop\11월30일 17시00분\superrobot\client\release\unitweapon.obj
c:\users\administrator.jusin-20180518k\desktop\11월30일 17시00분\superrobot\client\release\unitmenu.obj
c:\users\administrator.jusin-20180518k\desktop\11월30일 17시00분\superrobot\client\release\unitinfo.obj
c:\users\administrator.jusin-20180518k\desktop\11월30일 17시00분\superrobot\client\release\unitfight.obj
c:\users\administrator.jusin-20180518k\desktop\11월30일 17시00분\superrobot\client\release\unitattack.obj
c:\users\administrator.jusin-20180518k\desktop\11월30일 17시00분\superrobot\client\release\time_manager.obj
c:\users\administrator.jusin-20180518k\desktop\11월30일 17시00분\superrobot\client\release\tilemgr.obj
c:\users\administrator.jusin-20180518k\desktop\11월30일 17시00분\superrobot\client\release\tile.obj
c:\users\administrator.jusin-20180518k\desktop\11월30일 17시00분\superrobot\client\release\texture_manager.obj
c:\users\administrator.jusin-20180518k\desktop\11월30일 17시00분\superrobot\client\release\texture.obj
c:\users\administrator.jusin-20180518k\desktop\11월30일 17시00분\superrobot\client\release\start.obj
c:\users\administrator.jusin-20180518k\desktop\11월30일 17시00분\superrobot\client\release\client.tlog\cl.command.1.tlog
c:\users\administrator.jusin-20180518k\desktop\11월30일 17시00분\superrobot\client\release\client.tlog\cl.read.1.tlog
c:\users\administrator.jusin-20180518k\desktop\11월30일 17시00분\superrobot\client\release\client.tlog\cl.write.1.tlog
