d:\신우재\112\api_framework\editor\debug\editor.pch
d:\신우재\112\api_framework\editor\debug\vc140.pdb
d:\신우재\112\api_framework\editor\debug\vc140.idb
d:\신우재\112\api_framework\editor\debug\stdafx.obj
d:\신우재\112\api_framework\editor\debug\editor.obj
d:\신우재\112\api_framework\editor\debug\keymgr.obj
d:\신우재\112\api_framework\editor\debug\line.obj
d:\신우재\112\api_framework\editor\debug\myeditor.obj
d:\신우재\112\api_framework\editor\debug\scrollmgr.obj
d:\신우재\112\api_framework\debug\editor.ilk
d:\신우재\112\api_framework\debug\editor.exe
d:\신우재\112\api_framework\debug\editor.pdb
d:\신우재\112\api_framework\editor\debug\editor.res
d:\신우재\112\api_framework\editor\debug\editor.tlog\cl.command.1.tlog
d:\신우재\112\api_framework\editor\debug\editor.tlog\cl.read.1.tlog
d:\신우재\112\api_framework\editor\debug\editor.tlog\cl.write.1.tlog
d:\신우재\112\api_framework\editor\debug\editor.tlog\link.command.1.tlog
d:\신우재\112\api_framework\editor\debug\editor.tlog\link.read.1.tlog
d:\신우재\112\api_framework\editor\debug\editor.tlog\link.write.1.tlog
d:\신우재\112\api_framework\editor\debug\editor.tlog\rc.command.1.tlog
d:\신우재\112\api_framework\editor\debug\editor.tlog\rc.read.1.tlog
d:\신우재\112\api_framework\editor\debug\editor.tlog\rc.write.1.tlog
