d:\신우재\112\api_framework\api_framework\debug\api_framework.pch
d:\신우재\112\api_framework\api_framework\debug\vc140.pdb
d:\신우재\112\api_framework\api_framework\debug\vc140.idb
d:\신우재\112\api_framework\api_framework\debug\stdafx.obj
d:\신우재\112\api_framework\api_framework\debug\api_framework.obj
d:\신우재\112\api_framework\api_framework\debug\bmpmgr.obj
d:\신우재\112\api_framework\api_framework\debug\bullet.obj
d:\신우재\112\api_framework\api_framework\debug\collisionmgr.obj
d:\신우재\112\api_framework\api_framework\debug\guidebullet.obj
d:\신우재\112\api_framework\api_framework\debug\keymgr.obj
d:\신우재\112\api_framework\api_framework\debug\line.obj
d:\신우재\112\api_framework\api_framework\debug\linemgr.obj
d:\신우재\112\api_framework\api_framework\debug\maingame.obj
d:\신우재\112\api_framework\api_framework\debug\monster.obj
d:\신우재\112\api_framework\api_framework\debug\mouse.obj
d:\신우재\112\api_framework\api_framework\debug\mybitmap.obj
d:\신우재\112\api_framework\api_framework\debug\obj.obj
d:\신우재\112\api_framework\api_framework\debug\objmgr.obj
d:\신우재\112\api_framework\api_framework\debug\player.obj
d:\신우재\112\api_framework\api_framework\debug\screwbullet.obj
d:\신우재\112\api_framework\api_framework\debug\scrollmgr.obj
d:\신우재\112\api_framework\api_framework\debug\shield.obj
d:\신우재\112\api_framework\api_framework\debug\logo.obj
d:\신우재\112\api_framework\api_framework\debug\scene.obj
d:\신우재\112\api_framework\api_framework\debug\scenemgr.obj
d:\신우재\112\api_framework\api_framework\debug\mymenu.obj
d:\신우재\112\api_framework\api_framework\debug\mybutton.obj
d:\신우재\112\api_framework\api_framework\debug\stage.obj
d:\신우재\112\api_framework\api_framework\debug\tile.obj
d:\신우재\112\api_framework\api_framework\debug\tilemgr.obj
d:\신우재\112\api_framework\api_framework\debug\myedit.obj
d:\신우재\112\api_framework\debug\api_framework.ilk
d:\신우재\112\api_framework\debug\api_framework.exe
d:\신우재\112\api_framework\debug\api_framework.pdb
d:\신우재\112\api_framework\api_framework\debug\api_framework.res
d:\신우재\112\api_framework\api_framework\debug\api_framework.tlog\cl.command.1.tlog
d:\신우재\112\api_framework\api_framework\debug\api_framework.tlog\cl.read.1.tlog
d:\신우재\112\api_framework\api_framework\debug\api_framework.tlog\cl.write.1.tlog
d:\신우재\112\api_framework\api_framework\debug\api_framework.tlog\link.command.1.tlog
d:\신우재\112\api_framework\api_framework\debug\api_framework.tlog\link.read.1.tlog
d:\신우재\112\api_framework\api_framework\debug\api_framework.tlog\link.write.1.tlog
d:\신우재\112\api_framework\api_framework\debug\api_framework.tlog\rc.command.1.tlog
d:\신우재\112\api_framework\api_framework\debug\api_framework.tlog\rc.read.1.tlog
d:\신우재\112\api_framework\api_framework\debug\api_framework.tlog\rc.write.1.tlog
