  stdafx.cpp
  Aura.cpp
  Blood.cpp
  Boss.cpp
..\Code\Boss.cpp(97): warning C4035: 'CBoss::Update_Object': 반환 값이 없습니다.
..\Code\Boss.cpp(103): warning C4035: 'CBoss::Update_Object': 반환 값이 없습니다.
..\Code\Boss.cpp(115): warning C4035: 'CBoss::Update_Object': 반환 값이 없습니다.
..\Code\Boss.cpp(120): warning C4035: 'CBoss::Update_Object': 반환 값이 없습니다.
..\Code\Boss.cpp(153): warning C4035: 'CBoss::Update_Object': 반환 값이 없습니다.
..\Code\Boss.cpp(330): warning C4035: 'CBoss::PlayerCheck': 반환 값이 없습니다.
..\Code\Boss.cpp(366): warning C4035: 'CBoss::Boss_Move': 반환 값이 없습니다.
..\Code\Boss.cpp(373): warning C4244: '인수': 'time_t'에서 'unsigned int'(으)로 변환하면서 데이터가 손실될 수 있습니다.
..\Code\Boss.cpp(388): warning C4035: 'CBoss::Boss_Move': 반환 값이 없습니다.
..\Code\Boss.cpp(409): warning C4035: 'CBoss::Boss_Move': 반환 값이 없습니다.
..\Code\Boss.cpp(419): warning C4035: 'CBoss::Boss_Move': 반환 값이 없습니다.
..\Code\Boss.cpp(482): warning C4035: 'CBoss::Boss_Move': 반환 값이 없습니다.
..\Code\Boss.cpp(487): warning C4035: 'CBoss::Boss_Move': 반환 값이 없습니다.
..\Code\Boss.cpp(644): warning C4035: 'CBoss::Boss_Move': 반환 값이 없습니다.
..\Code\Boss.cpp(720): warning C4035: 'CBoss::Boss_Move': 반환 값이 없습니다.
..\Code\Boss.cpp(747): warning C4035: 'CBoss::Boss_Move': 반환 값이 없습니다.
..\Code\Boss.cpp(753): warning C4035: 'CBoss::Boss_Move': 반환 값이 없습니다.
..\Code\Boss.cpp(821): warning C4035: 'CBoss::Boss_Move': 반환 값이 없습니다.
..\Code\Boss.cpp(836): warning C4035: 'CBoss::Boss_Move': 반환 값이 없습니다.
..\Code\Boss.cpp(973): warning C4035: 'CBoss::Boss_Move': 반환 값이 없습니다.
..\Code\Boss.cpp(984): warning C4035: 'CBoss::Boss_Move': 반환 값이 없습니다.
..\Code\Boss.cpp(990): warning C4035: 'CBoss::Boss_Move': 반환 값이 없습니다.
..\Code\Boss.cpp(1008): warning C4035: 'CBoss::Boss_Move': 반환 값이 없습니다.
..\Code\Boss.cpp(1054): warning C4035: 'CBoss::Boss_Move': 반환 값이 없습니다.
..\Code\Boss.cpp(1112): warning C4035: 'CBoss::Boss_Move': 반환 값이 없습니다.
..\Code\Boss.cpp(1120): warning C4035: 'CBoss::Boss_Move': 반환 값이 없습니다.
..\Code\Boss.cpp(1183): warning C4035: 'CBoss::Boss_Move': 반환 값이 없습니다.
..\Code\Boss.cpp(1246): warning C4035: 'CBoss::Boss_Move': 반환 값이 없습니다.
..\Code\Boss.cpp(1298): warning C4035: 'CBoss::Boss_Move': 반환 값이 없습니다.
..\Code\Boss.cpp(1418): warning C4035: 'CBoss::Boss_Move': 반환 값이 없습니다.
..\Code\Boss.cpp(1425): warning C4035: 'CBoss::Boss_Move': 반환 값이 없습니다.
  BossBullet.cpp
..\Code\BossBullet.cpp(36): warning C4035: 'CBossBullet::Ready_Object': 반환 값이 없습니다.
..\Code\BossBullet.cpp(81): warning C4035: 'CBossBullet::Ready_Object': 반환 값이 없습니다.
..\Code\BossBullet.cpp(143): warning C4035: 'CBossBullet::Update_Object': 반환 값이 없습니다.
..\Code\BossBullet.cpp(148): warning C4035: 'CBossBullet::Update_Object': 반환 값이 없습니다.
..\Code\BossBullet.cpp(182): warning C4035: 'CBossBullet::Update_Object': 반환 값이 없습니다.
  Bosstail.cpp
  BossTimeBullet.cpp
..\Code\BossTimeBullet.cpp(34): warning C4035: 'CBossTimeBullet::Ready_Object': 반환 값이 없습니다.
..\Code\BossTimeBullet.cpp(67): warning C4035: 'CBossTimeBullet::Ready_Object': 반환 값이 없습니다.
..\Code\BossTimeBullet.cpp(92): warning C4035: 'CBossTimeBullet::Update_Object': 반환 값이 없습니다.
..\Code\BossTimeBullet.cpp(148): warning C4035: 'CBossTimeBullet::Update_Object': 반환 값이 없습니다.
..\Code\BossTimeBullet.cpp(153): warning C4035: 'CBossTimeBullet::Update_Object': 반환 값이 없습니다.
..\Code\BossTimeBullet.cpp(189): warning C4035: 'CBossTimeBullet::Update_Object': 반환 값이 없습니다.
..\Code\BossTimeBullet.cpp(198): warning C4035: 'CBossTimeBullet::Update_Object': 반환 값이 없습니다.
..\Code\BossTimeBullet.cpp(203): warning C4035: 'CBossTimeBullet::Update_Object': 반환 값이 없습니다.
  BulletBust.cpp
  BulletWind.cpp
  DynamicCamera.cpp
  FlyUp.cpp
  FlyWind.cpp
..\Code\FlyWind.cpp(129): warning C4102: 'Engine': 참조되지 않은 레이블입니다.
  HitPlayer.cpp
  HPUI.cpp
  HP_Potion.cpp
  Inventory.cpp
  Iru.cpp
..\Code\Iru.cpp(87): warning C4805: '==': 연산에 'bool' 형식과 'Engine::_float' 형식을 함께 사용하는 것은 안전하지 않습니다.
..\Code\Iru.cpp(104): warning C4805: '==': 연산에 'bool' 형식과 'Engine::_float' 형식을 함께 사용하는 것은 안전하지 않습니다.
..\Code\Iru.cpp(110): warning C4805: '==': 연산에 'bool' 형식과 'Engine::_float' 형식을 함께 사용하는 것은 안전하지 않습니다.
..\Code\Iru.cpp(118): warning C4805: '==': 연산에 'bool' 형식과 'Engine::_float' 형식을 함께 사용하는 것은 안전하지 않습니다.
  KeyMgr.cpp
  Loading.cpp
..\Code\Loading.cpp(45): warning C4003: 'FAILED_CHECK_RETURN' 매크로의 실제 매개 변수가 부족합니다.
..\Code\Loading.cpp(45): warning C4035: 'CLoading::Loading_ForStage': 반환 값이 없습니다.
  Logo.cpp
c:\users\administrator\desktop\0419_인벤토리 대충구현\client\code\Weapon.h(59): warning C4305: '초기화 중': 'double'에서 'Engine::_float'(으)로 잘립니다.
  LogoBack.cpp
  컴파일하고 있습니다...
  MainApp.cpp
c:\users\administrator\desktop\0419_인벤토리 대충구현\client\code\Weapon.h(59): warning C4305: '초기화 중': 'double'에서 'Engine::_float'(으)로 잘립니다.
  MonsterBagi.cpp
  MonsterJagi.cpp
  NaviMgr.cpp
  Player.cpp
..\Code\Player.cpp(897): warning C4552: '*': 의미 없는 연산자입니다. 파생 작업이 있는 연산자여야 합니다.
  SkyBox.cpp
  SoundMgr.cpp
  SP_Potion.cpp
  Stage.cpp
c:\users\administrator\desktop\0419_인벤토리 대충구현\client\code\Weapon.h(59): warning C4305: '초기화 중': 'double'에서 'Engine::_float'(으)로 잘립니다.
  Stone.cpp
  Sword.cpp
  Terrain.cpp
  TestMonster.cpp
  TestPlayer.cpp
  Tree.cpp
  UI.cpp
  Weapon.cpp
c:\users\administrator\desktop\0419_인벤토리 대충구현\client\code\Weapon.h(59): warning C4305: '초기화 중': 'double'에서 'Engine::_float'(으)로 잘립니다.
..\Code\Weapon.cpp(91): warning C4035: 'CWeapon::Update_Object': 반환 값이 없습니다.
..\Code\Weapon.cpp(96): warning C4035: 'CWeapon::Update_Object': 반환 값이 없습니다.
..\Code\Weapon.cpp(216): warning C4244: '초기화 중': 'Engine::_uint'에서 'Engine::_float'(으)로 변환하면서 데이터가 손실될 수 있습니다.
..\Code\Weapon.cpp(245): warning C4244: '초기화 중': 'Engine::_uint'에서 'Engine::_float'(으)로 변환하면서 데이터가 손실될 수 있습니다.
  Wind.cpp
  Client.cpp
c:\users\administrator\desktop\0419_인벤토리 대충구현\client\code\Weapon.h(59): warning C4305: '초기화 중': 'double'에서 'Engine::_float'(으)로 잘립니다.
     ../Bin\Client.lib 라이브러리 및 ../Bin\Client.exp 개체를 생성하고 있습니다.
  코드를 생성하고 있습니다.
c:\users\administrator\desktop\0419_인벤토리 대충구현\client\code\player.cpp(1122): warning C4715: 'CPlayer::WindEffectCreate': 모든 제어 경로에서 값을 반환하지는 않습니다.
c:\users\administrator\desktop\0419_인벤토리 대충구현\client\code\weapon.cpp(128): warning C4715: 'CWeapon::Update_Object': 모든 제어 경로에서 값을 반환하지는 않습니다.
c:\users\administrator\desktop\0419_인벤토리 대충구현\client\code\bosstimebullet.cpp(229): warning C4715: 'CBossTimeBullet::Update_Object': 모든 제어 경로에서 값을 반환하지는 않습니다.
c:\users\administrator\desktop\0419_인벤토리 대충구현\client\code\bossbullet.cpp(213): warning C4715: 'CBossBullet::Update_Object': 모든 제어 경로에서 값을 반환하지는 않습니다.
c:\users\administrator\desktop\0419_인벤토리 대충구현\client\code\boss.cpp(1520): warning C4715: 'CBoss::Boss_Move': 모든 제어 경로에서 값을 반환하지는 않습니다.
c:\users\administrator\desktop\0419_인벤토리 대충구현\client\code\boss.cpp(234): warning C4715: 'CBoss::Update_Object': 모든 제어 경로에서 값을 반환하지는 않습니다.
  All 1353 functions were compiled because no usable IPDB/IOBJ from previous compilation was found.
  코드를 생성했습니다.
  Client.vcxproj -> C:\Users\Administrator\Desktop\0419_인벤토리 대충구현\Client\Include\../Bin\Client.exe
  Client.vcxproj -> ../Bin\Client.pdb (Full PDB)
