c:\users\administrator.jusin-20210127w\desktop\0415_타격이펙트랑 버프시속도\engine\resources\include\debug\vc140.pdb
c:\users\administrator.jusin-20210127w\desktop\0415_타격이펙트랑 버프시속도\engine\resources\include\debug\vc140.idb
c:\users\administrator.jusin-20210127w\desktop\0415_타격이펙트랑 버프시속도\engine\resources\include\debug\anictrl.obj
c:\users\administrator.jusin-20210127w\desktop\0415_타격이펙트랑 버프시속도\engine\resources\include\debug\cell.obj
c:\users\administrator.jusin-20210127w\desktop\0415_타격이펙트랑 버프시속도\engine\resources\include\debug\cubetex.obj
c:\users\administrator.jusin-20210127w\desktop\0415_타격이펙트랑 버프시속도\engine\resources\include\debug\dynamicmesh.obj
c:\users\administrator.jusin-20210127w\desktop\0415_타격이펙트랑 버프시속도\engine\resources\include\debug\hierarchyloader.obj
c:\users\administrator.jusin-20210127w\desktop\0415_타격이펙트랑 버프시속도\engine\resources\include\debug\line.obj
c:\users\administrator.jusin-20210127w\desktop\0415_타격이펙트랑 버프시속도\engine\resources\include\debug\mesh.obj
c:\users\administrator.jusin-20210127w\desktop\0415_타격이펙트랑 버프시속도\engine\resources\include\debug\navimesh.obj
c:\users\administrator.jusin-20210127w\desktop\0415_타격이펙트랑 버프시속도\engine\resources\include\debug\rctex.obj
c:\users\administrator.jusin-20210127w\desktop\0415_타격이펙트랑 버프시속도\engine\resources\include\debug\resources.obj
c:\users\administrator.jusin-20210127w\desktop\0415_타격이펙트랑 버프시속도\engine\resources\include\debug\resourcesmgr.obj
c:\users\administrator.jusin-20210127w\desktop\0415_타격이펙트랑 버프시속도\engine\resources\include\debug\sphere.obj
c:\users\administrator.jusin-20210127w\desktop\0415_타격이펙트랑 버프시속도\engine\resources\include\debug\staticmesh.obj
c:\users\administrator.jusin-20210127w\desktop\0415_타격이펙트랑 버프시속도\engine\resources\include\debug\terraintex.obj
c:\users\administrator.jusin-20210127w\desktop\0415_타격이펙트랑 버프시속도\engine\resources\include\debug\texture.obj
c:\users\administrator.jusin-20210127w\desktop\0415_타격이펙트랑 버프시속도\engine\resources\include\debug\tricol.obj
c:\users\administrator.jusin-20210127w\desktop\0415_타격이펙트랑 버프시속도\engine\resources\include\debug\vibuffer.obj
c:\users\administrator.jusin-20210127w\desktop\0415_타격이펙트랑 버프시속도\engine\resources\bin\resources.ilk
c:\users\administrator.jusin-20210127w\desktop\0415_타격이펙트랑 버프시속도\engine\resources\bin\resources.dll
c:\users\administrator.jusin-20210127w\desktop\0415_타격이펙트랑 버프시속도\engine\resources\bin\resources.pdb
c:\users\administrator.jusin-20210127w\desktop\0415_타격이펙트랑 버프시속도\engine\resources\bin\resources.lib
c:\users\administrator.jusin-20210127w\desktop\0415_타격이펙트랑 버프시속도\engine\resources\bin\resources.exp
c:\users\administrator.jusin-20210127w\desktop\0415_타격이펙트랑 버프시속도\engine\resources\include\debug\dynamicmesh.obj.enc
c:\users\administrator.jusin-20210127w\desktop\0415_타격이펙트랑 버프시속도\engine\resources\include\../bin\resources.dll
c:\users\administrator.jusin-20210127w\desktop\0415_타격이펙트랑 버프시속도\engine\resources\include\debug\resources.tlog\cl.command.1.tlog
c:\users\administrator.jusin-20210127w\desktop\0415_타격이펙트랑 버프시속도\engine\resources\include\debug\resources.tlog\cl.read.1.tlog
c:\users\administrator.jusin-20210127w\desktop\0415_타격이펙트랑 버프시속도\engine\resources\include\debug\resources.tlog\cl.write.1.tlog
c:\users\administrator.jusin-20210127w\desktop\0415_타격이펙트랑 버프시속도\engine\resources\include\debug\resources.tlog\link.command.1.tlog
c:\users\administrator.jusin-20210127w\desktop\0415_타격이펙트랑 버프시속도\engine\resources\include\debug\resources.tlog\link.read.1.tlog
c:\users\administrator.jusin-20210127w\desktop\0415_타격이펙트랑 버프시속도\engine\resources\include\debug\resources.tlog\link.write.1.tlog
c:\users\administrator.jusin-20210127w\desktop\0415_타격이펙트랑 버프시속도\engine\resources\include\debug\resources.tlog\resources.write.1u.tlog
