c:\users\administrator.jusin-20210127w\documents\jusin_sr\d3dx_sr_team\gameclient\includes\debug\vc140.pdb
c:\users\administrator.jusin-20210127w\documents\jusin_sr\d3dx_sr_team\gameclient\includes\debug\vc140.idb
c:\users\administrator.jusin-20210127w\documents\jusin_sr\d3dx_sr_team\gameclient\includes\debug\skyboxforbattle.obj
c:\users\administrator.jusin-20210127w\documents\jusin_sr\d3dx_sr_team\gameclient\includes\debug\stage01_for_clone.obj
c:\users\administrator.jusin-20210127w\documents\jusin_sr\d3dx_sr_team\gameclient\includes\debug\stage02.obj
c:\users\administrator.jusin-20210127w\documents\jusin_sr\d3dx_sr_team\gameclient\includes\debug\stage02_for_clone.obj
c:\users\administrator.jusin-20210127w\documents\jusin_sr\d3dx_sr_team\gameclient\includes\debug\stagecoin.obj
c:\users\administrator.jusin-20210127w\documents\jusin_sr\d3dx_sr_team\gameclient\includes\debug\stagehp.obj
c:\users\administrator.jusin-20210127w\documents\jusin_sr\d3dx_sr_team\gameclient\includes\debug\stageui.obj
c:\users\administrator.jusin-20210127w\documents\jusin_sr\d3dx_sr_team\gameclient\includes\debug\supermonster.obj
c:\users\administrator.jusin-20210127w\documents\jusin_sr\d3dx_sr_team\gameclient\includes\debug\supportcam.obj
c:\users\administrator.jusin-20210127w\documents\jusin_sr\d3dx_sr_team\gameclient\includes\debug\teleporter.obj
c:\users\administrator.jusin-20210127w\documents\jusin_sr\d3dx_sr_team\gameclient\includes\debug\terrain.obj
c:\users\administrator.jusin-20210127w\documents\jusin_sr\d3dx_sr_team\gameclient\includes\debug\testcamera.obj
c:\users\administrator.jusin-20210127w\documents\jusin_sr\d3dx_sr_team\gameclient\includes\debug\tree.obj
c:\users\administrator.jusin-20210127w\documents\jusin_sr\d3dx_sr_team\gameclient\includes\debug\triggerbox.obj
c:\users\administrator.jusin-20210127w\documents\jusin_sr\d3dx_sr_team\gameclient\includes\debug\turnlabel.obj
c:\users\administrator.jusin-20210127w\documents\jusin_sr\d3dx_sr_team\gameclient\includes\debug\timercount.obj
c:\users\administrator.jusin-20210127w\documents\jusin_sr\d3dx_sr_team\gameclient\includes\debug\timermark.obj
c:\users\administrator.jusin-20210127w\documents\jusin_sr\d3dx_sr_team\gameclient\includes\debug\gameclient.obj
c:\users\administrator.jusin-20210127w\documents\jusin_sr\d3dx_sr_team\gameclient\includes\debug\teststage.obj
c:\users\administrator.jusin-20210127w\documents\jusin_sr\d3dx_sr_team\gameclient\includes\debug\teststage_for_clone.obj
c:\users\administrator.jusin-20210127w\documents\jusin_sr\d3dx_sr_team\gameclient\includes\debug\middlebossa.obj
c:\users\administrator.jusin-20210127w\documents\jusin_sr\d3dx_sr_team\gameclient\includes\debug\middlebossabullet.obj
c:\users\administrator.jusin-20210127w\documents\jusin_sr\d3dx_sr_team\gameclient\includes\debug\middlebossa_for_logic.obj
c:\users\administrator.jusin-20210127w\documents\jusin_sr\d3dx_sr_team\gameclient\includes\debug\monstera.obj
c:\users\administrator.jusin-20210127w\documents\jusin_sr\d3dx_sr_team\gameclient\includes\debug\monsterb.obj
c:\users\administrator.jusin-20210127w\documents\jusin_sr\d3dx_sr_team\gameclient\includes\debug\monsterc.obj
c:\users\administrator.jusin-20210127w\documents\jusin_sr\d3dx_sr_team\gameclient\includes\debug\monstercbullet.obj
c:\users\administrator.jusin-20210127w\documents\jusin_sr\d3dx_sr_team\gameclient\includes\debug\monsterd.obj
c:\users\administrator.jusin-20210127w\documents\jusin_sr\d3dx_sr_team\gameclient\includes\debug\monstere.obj
c:\users\administrator.jusin-20210127w\documents\jusin_sr\d3dx_sr_team\gameclient\includes\debug\monstertest.obj
c:\users\administrator.jusin-20210127w\documents\jusin_sr\d3dx_sr_team\gameclient\includes\debug\openingui.obj
c:\users\administrator.jusin-20210127w\documents\jusin_sr\d3dx_sr_team\gameclient\includes\debug\oscamera.obj
c:\users\administrator.jusin-20210127w\documents\jusin_sr\d3dx_sr_team\gameclient\includes\debug\paperui.obj
c:\users\administrator.jusin-20210127w\documents\jusin_sr\d3dx_sr_team\gameclient\includes\debug\player.obj
c:\users\administrator.jusin-20210127w\documents\jusin_sr\d3dx_sr_team\gameclient\includes\debug\playerbullet.obj
c:\users\administrator.jusin-20210127w\documents\jusin_sr\d3dx_sr_team\gameclient\includes\debug\player_for_2dlogic.obj
c:\users\administrator.jusin-20210127w\documents\jusin_sr\d3dx_sr_team\gameclient\includes\debug\player_for_clone.obj
c:\users\administrator.jusin-20210127w\documents\jusin_sr\d3dx_sr_team\gameclient\includes\debug\player_for_logic.obj
c:\users\administrator.jusin-20210127w\documents\jusin_sr\d3dx_sr_team\gameclient\includes\debug\ringcountbackground.obj
c:\users\administrator.jusin-20210127w\documents\jusin_sr\d3dx_sr_team\gameclient\includes\debug\skybox.obj
c:\users\administrator.jusin-20210127w\documents\jusin_sr\d3dx_sr_team\gameclient\includes\debug\battleplateselectline.obj
c:\users\administrator.jusin-20210127w\documents\jusin_sr\d3dx_sr_team\gameclient\includes\debug\battleplateslide.obj
c:\users\administrator.jusin-20210127w\documents\jusin_sr\d3dx_sr_team\gameclient\includes\debug\battlestagea.obj
c:\users\administrator.jusin-20210127w\documents\jusin_sr\d3dx_sr_team\gameclient\includes\debug\battlestagea_for_clone.obj
c:\users\administrator.jusin-20210127w\documents\jusin_sr\d3dx_sr_team\gameclient\includes\debug\battlestageb.obj
c:\users\administrator.jusin-20210127w\documents\jusin_sr\d3dx_sr_team\gameclient\includes\debug\battleui.obj
c:\users\administrator.jusin-20210127w\documents\jusin_sr\d3dx_sr_team\gameclient\includes\debug\battleui_hp.obj
c:\users\administrator.jusin-20210127w\documents\jusin_sr\d3dx_sr_team\gameclient\includes\debug\coin.obj
c:\users\administrator.jusin-20210127w\documents\jusin_sr\d3dx_sr_team\gameclient\includes\debug\dropgoomba.obj
c:\users\administrator.jusin-20210127w\documents\jusin_sr\d3dx_sr_team\gameclient\includes\debug\effecter.obj
c:\users\administrator.jusin-20210127w\documents\jusin_sr\d3dx_sr_team\gameclient\includes\debug\faketerrain.obj
c:\users\administrator.jusin-20210127w\documents\jusin_sr\d3dx_sr_team\gameclient\includes\debug\firetriger.obj
c:\users\administrator.jusin-20210127w\documents\jusin_sr\d3dx_sr_team\gameclient\includes\debug\flippuzzle.obj
c:\users\administrator.jusin-20210127w\documents\jusin_sr\d3dx_sr_team\gameclient\includes\debug\gress.obj
c:\users\administrator.jusin-20210127w\documents\jusin_sr\d3dx_sr_team\gameclient\includes\debug\loading.obj
c:\users\administrator.jusin-20210127w\documents\jusin_sr\d3dx_sr_team\gameclient\includes\debug\logo_for_clone.obj
c:\users\administrator.jusin-20210127w\documents\jusin_sr\d3dx_sr_team\gameclient\includes\debug\mainapp.obj
c:\users\administrator.jusin-20210127w\documents\jusin_sr\d3dx_sr_team\gameclient\includes\debug\maincamera.obj
c:\users\administrator.jusin-20210127w\documents\jusin_sr\d3dx_sr_team\gameclient\includes\debug\main_for_prototype.obj
c:\users\administrator.jusin-20210127w\documents\jusin_sr\d3dx_sr_team\gameclient\includes\debug\actionuibackground.obj
c:\users\administrator.jusin-20210127w\documents\jusin_sr\d3dx_sr_team\gameclient\includes\debug\battlecamera.obj
c:\users\administrator.jusin-20210127w\documents\jusin_sr\d3dx_sr_team\gameclient\includes\debug\battlemonster.obj
c:\users\administrator.jusin-20210127w\documents\jusin_sr\d3dx_sr_team\gameclient\includes\debug\battleplate.obj
c:\users\administrator.jusin-20210127w\documents\jusin_sr\d3dx_sr_team\gameclient\includes\debug\battleplatecircle.obj
c:\users\administrator.jusin-20210127w\documents\jusin_sr\d3dx_sr_team\gameclient\includes\debug\battleplateeffect.obj
c:\users\administrator.jusin-20210127w\documents\jusin_sr\d3dx_sr_team\gameclient\includes\debug\battleplateselectcube.obj
c:\users\administrator.jusin-20210127w\documents\jusin_sr\d3dx_sr_team\gameclient\includes\debug\effectparticle.obj
c:\users\administrator.jusin-20210127w\documents\jusin_sr\d3dx_sr_team\gameclient\includes\debug\logo.obj
c:\users\administrator.jusin-20210127w\documents\jusin_sr\d3dx_sr_team\gameclient\includes\debug\monster.obj
c:\users\administrator.jusin-20210127w\documents\jusin_sr\d3dx_sr_team\gameclient\includes\debug\stage01.obj
c:\users\administrator.jusin-20210127w\documents\jusin_sr\d3dx_sr_team\gameclient\includes\debug\uifont.obj
c:\users\administrator.jusin-20210127w\documents\jusin_sr\d3dx_sr_team\gameclient\includes\debug\main_for_prototype_jdy.obj
c:\users\administrator.jusin-20210127w\documents\jusin_sr\d3dx_sr_team\gameclient\binary\gameclient.ilk
c:\users\administrator.jusin-20210127w\documents\jusin_sr\d3dx_sr_team\gameclient\binary\gameclient.exe
c:\users\administrator.jusin-20210127w\documents\jusin_sr\d3dx_sr_team\gameclient\binary\gameclient.pdb
c:\users\administrator.jusin-20210127w\documents\jusin_sr\d3dx_sr_team\gameclient\includes\debug\gameclient.res
c:\users\administrator.jusin-20210127w\documents\jusin_sr\d3dx_sr_team\gameclient\includes\debug\monstere.obj.enc
c:\users\administrator.jusin-20210127w\documents\jusin_sr\d3dx_sr_team\gameclient\includes\../binary/gameclient.exe
c:\users\administrator.jusin-20210127w\documents\jusin_sr\d3dx_sr_team\gameclient\includes\debug\gameclient.tlog\cl.command.1.tlog
c:\users\administrator.jusin-20210127w\documents\jusin_sr\d3dx_sr_team\gameclient\includes\debug\gameclient.tlog\cl.read.1.tlog
c:\users\administrator.jusin-20210127w\documents\jusin_sr\d3dx_sr_team\gameclient\includes\debug\gameclient.tlog\cl.write.1.tlog
c:\users\administrator.jusin-20210127w\documents\jusin_sr\d3dx_sr_team\gameclient\includes\debug\gameclient.tlog\link.command.1.tlog
c:\users\administrator.jusin-20210127w\documents\jusin_sr\d3dx_sr_team\gameclient\includes\debug\gameclient.tlog\link.read.1.tlog
c:\users\administrator.jusin-20210127w\documents\jusin_sr\d3dx_sr_team\gameclient\includes\debug\gameclient.tlog\link.write.1.tlog
c:\users\administrator.jusin-20210127w\documents\jusin_sr\d3dx_sr_team\gameclient\includes\debug\gameclient.tlog\rc.command.1.tlog
c:\users\administrator.jusin-20210127w\documents\jusin_sr\d3dx_sr_team\gameclient\includes\debug\gameclient.tlog\rc.read.1.tlog
c:\users\administrator.jusin-20210127w\documents\jusin_sr\d3dx_sr_team\gameclient\includes\debug\gameclient.tlog\rc.write.1.tlog
