c:\users\administrator.jusin-20180211k\documents\11월26일\superrobot\client\debug\client.pch
c:\users\administrator.jusin-20180211k\documents\11월26일\superrobot\client\debug\vc140.pdb
c:\users\administrator.jusin-20180211k\documents\11월26일\superrobot\client\debug\vc140.idb
c:\users\administrator.jusin-20180211k\documents\11월26일\superrobot\client\debug\stdafx.obj
c:\users\administrator.jusin-20180211k\documents\11월26일\superrobot\client\debug\mazingerz.obj
c:\users\administrator.jusin-20180211k\documents\11월26일\superrobot\client\debug\monster1.obj
c:\users\administrator.jusin-20180211k\documents\11월26일\superrobot\client\debug\mousepointer.obj
c:\users\administrator.jusin-20180211k\documents\11월26일\superrobot\client\debug\multi_texture.obj
c:\users\administrator.jusin-20180211k\documents\11월26일\superrobot\client\debug\scene.obj
c:\users\administrator.jusin-20180211k\documents\11월26일\superrobot\client\debug\scene_manager.obj
c:\users\administrator.jusin-20180211k\documents\11월26일\superrobot\client\debug\scrollmgr.obj
c:\users\administrator.jusin-20180211k\documents\11월26일\superrobot\client\debug\scroll_manager.obj
c:\users\administrator.jusin-20180211k\documents\11월26일\superrobot\client\debug\single_texture.obj
c:\users\administrator.jusin-20180211k\documents\11월26일\superrobot\client\debug\stage.obj
c:\users\administrator.jusin-20180211k\documents\11월26일\superrobot\client\debug\start.obj
c:\users\administrator.jusin-20180211k\documents\11월26일\superrobot\client\debug\texture.obj
c:\users\administrator.jusin-20180211k\documents\11월26일\superrobot\client\debug\texture_manager.obj
c:\users\administrator.jusin-20180211k\documents\11월26일\superrobot\client\debug\tile.obj
c:\users\administrator.jusin-20180211k\documents\11월26일\superrobot\client\debug\tilemgr.obj
c:\users\administrator.jusin-20180211k\documents\11월26일\superrobot\client\debug\time_manager.obj
c:\users\administrator.jusin-20180211k\documents\11월26일\superrobot\client\debug\unitattack.obj
c:\users\administrator.jusin-20180211k\documents\11월26일\superrobot\client\debug\unitinfo.obj
c:\users\administrator.jusin-20180211k\documents\11월26일\superrobot\client\debug\unitmenu.obj
c:\users\administrator.jusin-20180211k\documents\11월26일\superrobot\client\debug\unitweapon.obj
c:\users\administrator.jusin-20180211k\documents\11월26일\superrobot\client\debug\client.obj
c:\users\administrator.jusin-20180211k\documents\11월26일\superrobot\client\debug\collisionmgr.obj
c:\users\administrator.jusin-20180211k\documents\11월26일\superrobot\client\debug\frame_manager.obj
c:\users\administrator.jusin-20180211k\documents\11월26일\superrobot\client\debug\gameobject.obj
c:\users\administrator.jusin-20180211k\documents\11월26일\superrobot\client\debug\gameobject_manger.obj
c:\users\administrator.jusin-20180211k\documents\11월26일\superrobot\client\debug\graphic_device.obj
c:\users\administrator.jusin-20180211k\documents\11월26일\superrobot\client\debug\gundammk.obj
c:\users\administrator.jusin-20180211k\documents\11월26일\superrobot\client\debug\key_manager.obj
c:\users\administrator.jusin-20180211k\documents\11월26일\superrobot\client\debug\mainapp.obj
c:\users\administrator.jusin-20180211k\documents\11월26일\superrobot\debug\client.ilk
c:\users\administrator.jusin-20180211k\documents\11월26일\superrobot\debug\client.exe
c:\users\administrator.jusin-20180211k\documents\11월26일\superrobot\debug\client.pdb
c:\users\administrator.jusin-20180211k\documents\11월26일\superrobot\client\debug\client.res
c:\users\administrator.jusin-20180211k\documents\11월26일\superrobot\client\debug\player.obj
c:\users\administrator.jusin-20180211k\documents\11월26일\superrobot\client\debug\terrain.obj
c:\users\administrator.jusin-20180211k\documents\11월26일\superrobot\client\debug\gundammk.obj.enc
c:\users\administrator.jusin-20180211k\documents\11월26일\superrobot\client\debug\mazingerz.obj.enc
c:\users\administrator.jusin-20180211k\documents\11월26일\superrobot\client\debug\tile.obj.enc
c:\users\administrator.jusin-20180211k\documents\11월26일\superrobot\client\debug\client.tlog\cl.command.1.tlog
c:\users\administrator.jusin-20180211k\documents\11월26일\superrobot\client\debug\client.tlog\cl.read.1.tlog
c:\users\administrator.jusin-20180211k\documents\11월26일\superrobot\client\debug\client.tlog\cl.write.1.tlog
c:\users\administrator.jusin-20180211k\documents\11월26일\superrobot\client\debug\client.tlog\link.command.1.tlog
c:\users\administrator.jusin-20180211k\documents\11월26일\superrobot\client\debug\client.tlog\link.read.1.tlog
c:\users\administrator.jusin-20180211k\documents\11월26일\superrobot\client\debug\client.tlog\link.write.1.tlog
c:\users\administrator.jusin-20180211k\documents\11월26일\superrobot\client\debug\client.tlog\rc.command.1.tlog
c:\users\administrator.jusin-20180211k\documents\11월26일\superrobot\client\debug\client.tlog\rc.read.1.tlog
c:\users\administrator.jusin-20180211k\documents\11월26일\superrobot\client\debug\client.tlog\rc.write.1.tlog
