c:\users\administrator.jusin-20180518k\desktop\11월30일 17시00분\superrobot\tool\release\tool.pch
c:\users\administrator.jusin-20180518k\desktop\11월30일 17시00분\superrobot\tool\release\vc140.pdb
c:\users\administrator.jusin-20180518k\desktop\11월30일 17시00분\superrobot\tool\release\stdafx.obj
c:\users\administrator.jusin-20180518k\desktop\11월30일 17시00분\superrobot\tool\release\unittool.obj
c:\users\administrator.jusin-20180518k\desktop\11월30일 17시00분\superrobot\tool\release\toolview.obj
c:\users\administrator.jusin-20180518k\desktop\11월30일 17시00분\superrobot\tool\release\tooldoc.obj
c:\users\administrator.jusin-20180518k\desktop\11월30일 17시00분\superrobot\tool\release\tool.obj
c:\users\administrator.jusin-20180518k\desktop\11월30일 17시00분\superrobot\tool\release\texture_manager.obj
c:\users\administrator.jusin-20180518k\desktop\11월30일 17시00분\superrobot\tool\release\texture.obj
c:\users\administrator.jusin-20180518k\desktop\11월30일 17시00분\superrobot\tool\release\single_texture.obj
c:\users\administrator.jusin-20180518k\desktop\11월30일 17시00분\superrobot\tool\release\multi_texture.obj
c:\users\administrator.jusin-20180518k\desktop\11월30일 17시00분\superrobot\tool\release\miniview.obj
c:\users\administrator.jusin-20180518k\desktop\11월30일 17시00분\superrobot\tool\release\mformview.obj
c:\users\administrator.jusin-20180518k\desktop\11월30일 17시00분\superrobot\tool\release\maptool.obj
c:\users\administrator.jusin-20180518k\desktop\11월30일 17시00분\superrobot\tool\release\mainfrm.obj
c:\users\administrator.jusin-20180518k\desktop\11월30일 17시00분\superrobot\tool\release\graphic_device.obj
c:\users\administrator.jusin-20180518k\desktop\11월30일 17시00분\superrobot\tool\release\filepathextraction.obj
c:\users\administrator.jusin-20180518k\desktop\11월30일 17시00분\superrobot\tool\release\fileinfo.obj
c:\users\administrator.jusin-20180518k\desktop\11월30일 17시00분\superrobot\tool\release\tool.tlog\cl.command.1.tlog
c:\users\administrator.jusin-20180518k\desktop\11월30일 17시00분\superrobot\tool\release\tool.tlog\cl.read.1.tlog
c:\users\administrator.jusin-20180518k\desktop\11월30일 17시00분\superrobot\tool\release\tool.tlog\cl.write.1.tlog
