c:\users\administrator.jusin-20210127w\desktop\0415_타격이펙트랑 버프시속도\engine\utility\include\debug\vc140.pdb
c:\users\administrator.jusin-20210127w\desktop\0415_타격이펙트랑 버프시속도\engine\utility\include\debug\vc140.idb
c:\users\administrator.jusin-20210127w\desktop\0415_타격이펙트랑 버프시속도\engine\utility\include\debug\calculator.obj
c:\users\administrator.jusin-20210127w\desktop\0415_타격이펙트랑 버프시속도\engine\utility\include\debug\camera.obj
c:\users\administrator.jusin-20210127w\desktop\0415_타격이펙트랑 버프시속도\engine\utility\include\debug\collider.obj
c:\users\administrator.jusin-20210127w\desktop\0415_타격이펙트랑 버프시속도\engine\utility\include\debug\collisionmgr.obj
c:\users\administrator.jusin-20210127w\desktop\0415_타격이펙트랑 버프시속도\engine\utility\include\debug\component.obj
c:\users\administrator.jusin-20210127w\desktop\0415_타격이펙트랑 버프시속도\engine\utility\include\debug\frustum.obj
c:\users\administrator.jusin-20210127w\desktop\0415_타격이펙트랑 버프시속도\engine\utility\include\debug\gameobject.obj
c:\users\administrator.jusin-20210127w\desktop\0415_타격이펙트랑 버프시속도\engine\utility\include\debug\layer.obj
c:\users\administrator.jusin-20210127w\desktop\0415_타격이펙트랑 버프시속도\engine\utility\include\debug\light.obj
c:\users\administrator.jusin-20210127w\desktop\0415_타격이펙트랑 버프시속도\engine\utility\include\debug\lightmgr.obj
c:\users\administrator.jusin-20210127w\desktop\0415_타격이펙트랑 버프시속도\engine\utility\include\debug\management.obj
c:\users\administrator.jusin-20210127w\desktop\0415_타격이펙트랑 버프시속도\engine\utility\include\debug\optimization.obj
c:\users\administrator.jusin-20210127w\desktop\0415_타격이펙트랑 버프시속도\engine\utility\include\debug\protomgr.obj
c:\users\administrator.jusin-20210127w\desktop\0415_타격이펙트랑 버프시속도\engine\utility\include\debug\quadtree.obj
c:\users\administrator.jusin-20210127w\desktop\0415_타격이펙트랑 버프시속도\engine\utility\include\debug\renderer.obj
c:\users\administrator.jusin-20210127w\desktop\0415_타격이펙트랑 버프시속도\engine\utility\include\debug\scene.obj
c:\users\administrator.jusin-20210127w\desktop\0415_타격이펙트랑 버프시속도\engine\utility\include\debug\transform.obj
c:\users\administrator.jusin-20210127w\desktop\0415_타격이펙트랑 버프시속도\engine\utility\bin\utility.ilk
c:\users\administrator.jusin-20210127w\desktop\0415_타격이펙트랑 버프시속도\engine\utility\bin\utility.dll
c:\users\administrator.jusin-20210127w\desktop\0415_타격이펙트랑 버프시속도\engine\utility\bin\utility.pdb
c:\users\administrator.jusin-20210127w\desktop\0415_타격이펙트랑 버프시속도\engine\utility\bin\utility.lib
c:\users\administrator.jusin-20210127w\desktop\0415_타격이펙트랑 버프시속도\engine\utility\bin\utility.exp
c:\users\administrator.jusin-20210127w\desktop\0415_타격이펙트랑 버프시속도\engine\utility\include\../bin\utility.dll
c:\users\administrator.jusin-20210127w\desktop\0415_타격이펙트랑 버프시속도\engine\utility\include\debug\utility.tlog\cl.command.1.tlog
c:\users\administrator.jusin-20210127w\desktop\0415_타격이펙트랑 버프시속도\engine\utility\include\debug\utility.tlog\cl.read.1.tlog
c:\users\administrator.jusin-20210127w\desktop\0415_타격이펙트랑 버프시속도\engine\utility\include\debug\utility.tlog\cl.write.1.tlog
c:\users\administrator.jusin-20210127w\desktop\0415_타격이펙트랑 버프시속도\engine\utility\include\debug\utility.tlog\link.command.1.tlog
c:\users\administrator.jusin-20210127w\desktop\0415_타격이펙트랑 버프시속도\engine\utility\include\debug\utility.tlog\link.read.1.tlog
c:\users\administrator.jusin-20210127w\desktop\0415_타격이펙트랑 버프시속도\engine\utility\include\debug\utility.tlog\link.write.1.tlog
c:\users\administrator.jusin-20210127w\desktop\0415_타격이펙트랑 버프시속도\engine\utility\include\debug\utility.tlog\utility.write.1u.tlog
