c:\users\administrator\desktop\11월25\11월25일 플레이어이동\11월22일\superrobot\tool\debug\tool.pch
c:\users\administrator\desktop\11월25\11월25일 플레이어이동\11월22일\superrobot\tool\debug\vc140.pdb
c:\users\administrator\desktop\11월25\11월25일 플레이어이동\11월22일\superrobot\tool\debug\vc140.idb
c:\users\administrator\desktop\11월25\11월25일 플레이어이동\11월22일\superrobot\tool\debug\stdafx.obj
c:\users\administrator\desktop\11월25\11월25일 플레이어이동\11월22일\superrobot\tool\debug\fileinfo.obj
c:\users\administrator\desktop\11월25\11월25일 플레이어이동\11월22일\superrobot\tool\debug\filepathextraction.obj
c:\users\administrator\desktop\11월25\11월25일 플레이어이동\11월22일\superrobot\tool\debug\graphic_device.obj
c:\users\administrator\desktop\11월25\11월25일 플레이어이동\11월22일\superrobot\tool\debug\mainfrm.obj
c:\users\administrator\desktop\11월25\11월25일 플레이어이동\11월22일\superrobot\tool\debug\maptool.obj
c:\users\administrator\desktop\11월25\11월25일 플레이어이동\11월22일\superrobot\tool\debug\mformview.obj
c:\users\administrator\desktop\11월25\11월25일 플레이어이동\11월22일\superrobot\tool\debug\miniview.obj
c:\users\administrator\desktop\11월25\11월25일 플레이어이동\11월22일\superrobot\tool\debug\multi_texture.obj
c:\users\administrator\desktop\11월25\11월25일 플레이어이동\11월22일\superrobot\tool\debug\single_texture.obj
c:\users\administrator\desktop\11월25\11월25일 플레이어이동\11월22일\superrobot\tool\debug\terrain.obj
c:\users\administrator\desktop\11월25\11월25일 플레이어이동\11월22일\superrobot\tool\debug\texture.obj
c:\users\administrator\desktop\11월25\11월25일 플레이어이동\11월22일\superrobot\tool\debug\texture_manager.obj
c:\users\administrator\desktop\11월25\11월25일 플레이어이동\11월22일\superrobot\tool\debug\tool.obj
c:\users\administrator\desktop\11월25\11월25일 플레이어이동\11월22일\superrobot\tool\debug\tooldoc.obj
c:\users\administrator\desktop\11월25\11월25일 플레이어이동\11월22일\superrobot\tool\debug\toolview.obj
c:\users\administrator\desktop\11월25\11월25일 플레이어이동\11월22일\superrobot\tool\debug\unittool.obj
c:\users\administrator\desktop\11월25\11월25일 플레이어이동\11월22일\superrobot\debug\tool.ilk
c:\users\administrator\desktop\11월25\11월25일 플레이어이동\11월22일\superrobot\debug\tool.exe
c:\users\administrator\desktop\11월25\11월25일 플레이어이동\11월22일\superrobot\debug\tool.pdb
c:\users\administrator\desktop\11월25\11월25일 플레이어이동\11월22일\superrobot\tool\debug\tool.res
c:\users\administrator.jusin-20180211k\documents\11월26일\superrobot\tool\debug\fileinfo.obj
c:\users\administrator.jusin-20180211k\documents\11월26일\superrobot\tool\debug\filepathextraction.obj
c:\users\administrator.jusin-20180211k\documents\11월26일\superrobot\tool\debug\graphic_device.obj
c:\users\administrator.jusin-20180211k\documents\11월26일\superrobot\tool\debug\mainfrm.obj
c:\users\administrator.jusin-20180211k\documents\11월26일\superrobot\tool\debug\maptool.obj
c:\users\administrator.jusin-20180211k\documents\11월26일\superrobot\tool\debug\mformview.obj
c:\users\administrator.jusin-20180211k\documents\11월26일\superrobot\tool\debug\miniview.obj
c:\users\administrator.jusin-20180211k\documents\11월26일\superrobot\tool\debug\multi_texture.obj
c:\users\administrator.jusin-20180211k\documents\11월26일\superrobot\tool\debug\single_texture.obj
c:\users\administrator.jusin-20180211k\documents\11월26일\superrobot\tool\debug\stdafx.obj
c:\users\administrator.jusin-20180211k\documents\11월26일\superrobot\tool\debug\terrain.obj
c:\users\administrator.jusin-20180211k\documents\11월26일\superrobot\tool\debug\texture.obj
c:\users\administrator.jusin-20180211k\documents\11월26일\superrobot\tool\debug\texture_manager.obj
c:\users\administrator.jusin-20180211k\documents\11월26일\superrobot\tool\debug\tool.obj
c:\users\administrator.jusin-20180211k\documents\11월26일\superrobot\tool\debug\tooldoc.obj
c:\users\administrator.jusin-20180211k\documents\11월26일\superrobot\tool\debug\toolview.obj
c:\users\administrator.jusin-20180211k\documents\11월26일\superrobot\tool\debug\unittool.obj
c:\users\administrator.jusin-20180211k\documents\11월26일\superrobot\tool\debug\tool.res
c:\users\administrator.jusin-20180211k\documents\11월26일\superrobot\tool\debug\tool.pch
c:\users\administrator.jusin-20180211k\documents\11월26일\superrobot\tool\debug\vc140.idb
c:\users\administrator.jusin-20180211k\documents\11월26일\superrobot\tool\debug\vc140.pdb
c:\users\administrator.jusin-20180211k\documents\11월26일\superrobot\debug\tool.pdb
c:\users\administrator.jusin-20180211k\documents\11월26일\superrobot\debug\tool.exe
c:\users\administrator.jusin-20180211k\documents\11월26일\superrobot\debug\tool.ilk
c:\users\administrator.jusin-20180211k\documents\11월26일\superrobot\tool\debug\tool.tlog\cl.command.1.tlog
c:\users\administrator.jusin-20180211k\documents\11월26일\superrobot\tool\debug\tool.tlog\cl.read.1.tlog
c:\users\administrator.jusin-20180211k\documents\11월26일\superrobot\tool\debug\tool.tlog\cl.write.1.tlog
c:\users\administrator.jusin-20180211k\documents\11월26일\superrobot\tool\debug\tool.tlog\link.command.1.tlog
c:\users\administrator.jusin-20180211k\documents\11월26일\superrobot\tool\debug\tool.tlog\link.read.1.tlog
c:\users\administrator.jusin-20180211k\documents\11월26일\superrobot\tool\debug\tool.tlog\link.write.1.tlog
c:\users\administrator.jusin-20180211k\documents\11월26일\superrobot\tool\debug\tool.tlog\rc.command.1.tlog
c:\users\administrator.jusin-20180211k\documents\11월26일\superrobot\tool\debug\tool.tlog\rc.read.1.tlog
c:\users\administrator.jusin-20180211k\documents\11월26일\superrobot\tool\debug\tool.tlog\rc.write.1.tlog
