c:\users\administrator.jusin-20210127w\desktop\0415_타격이펙트랑 버프시속도\client\include\debug\client.pch
c:\users\administrator.jusin-20210127w\desktop\0415_타격이펙트랑 버프시속도\client\include\debug\vc140.pdb
c:\users\administrator.jusin-20210127w\desktop\0415_타격이펙트랑 버프시속도\client\include\debug\vc140.idb
c:\users\administrator.jusin-20210127w\desktop\0415_타격이펙트랑 버프시속도\client\include\debug\stdafx.obj
c:\users\administrator.jusin-20210127w\desktop\0415_타격이펙트랑 버프시속도\client\include\debug\logo.obj
c:\users\administrator.jusin-20210127w\desktop\0415_타격이펙트랑 버프시속도\client\include\debug\logoback.obj
c:\users\administrator.jusin-20210127w\desktop\0415_타격이펙트랑 버프시속도\client\include\debug\mainapp.obj
c:\users\administrator.jusin-20210127w\desktop\0415_타격이펙트랑 버프시속도\client\include\debug\monsterbagi.obj
c:\users\administrator.jusin-20210127w\desktop\0415_타격이펙트랑 버프시속도\client\include\debug\monsterjagi.obj
c:\users\administrator.jusin-20210127w\desktop\0415_타격이펙트랑 버프시속도\client\include\debug\navimgr.obj
c:\users\administrator.jusin-20210127w\desktop\0415_타격이펙트랑 버프시속도\client\include\debug\player.obj
c:\users\administrator.jusin-20210127w\desktop\0415_타격이펙트랑 버프시속도\client\include\debug\skybox.obj
c:\users\administrator.jusin-20210127w\desktop\0415_타격이펙트랑 버프시속도\client\include\debug\soundmgr.obj
c:\users\administrator.jusin-20210127w\desktop\0415_타격이펙트랑 버프시속도\client\include\debug\stage.obj
c:\users\administrator.jusin-20210127w\desktop\0415_타격이펙트랑 버프시속도\client\include\debug\stone.obj
c:\users\administrator.jusin-20210127w\desktop\0415_타격이펙트랑 버프시속도\client\include\debug\sword.obj
c:\users\administrator.jusin-20210127w\desktop\0415_타격이펙트랑 버프시속도\client\include\debug\terrain.obj
c:\users\administrator.jusin-20210127w\desktop\0415_타격이펙트랑 버프시속도\client\include\debug\testmonster.obj
c:\users\administrator.jusin-20210127w\desktop\0415_타격이펙트랑 버프시속도\client\include\debug\testplayer.obj
c:\users\administrator.jusin-20210127w\desktop\0415_타격이펙트랑 버프시속도\client\include\debug\tree.obj
c:\users\administrator.jusin-20210127w\desktop\0415_타격이펙트랑 버프시속도\client\include\debug\ui.obj
c:\users\administrator.jusin-20210127w\desktop\0415_타격이펙트랑 버프시속도\client\include\debug\weapon.obj
c:\users\administrator.jusin-20210127w\desktop\0415_타격이펙트랑 버프시속도\client\include\debug\wind.obj
c:\users\administrator.jusin-20210127w\desktop\0415_타격이펙트랑 버프시속도\client\include\debug\client.obj
c:\users\administrator.jusin-20210127w\desktop\0415_타격이펙트랑 버프시속도\client\include\debug\aura.obj
c:\users\administrator.jusin-20210127w\desktop\0415_타격이펙트랑 버프시속도\client\include\debug\blood.obj
c:\users\administrator.jusin-20210127w\desktop\0415_타격이펙트랑 버프시속도\client\include\debug\boss.obj
c:\users\administrator.jusin-20210127w\desktop\0415_타격이펙트랑 버프시속도\client\include\debug\bossbullet.obj
c:\users\administrator.jusin-20210127w\desktop\0415_타격이펙트랑 버프시속도\client\include\debug\bosstail.obj
c:\users\administrator.jusin-20210127w\desktop\0415_타격이펙트랑 버프시속도\client\include\debug\bosstimebullet.obj
c:\users\administrator.jusin-20210127w\desktop\0415_타격이펙트랑 버프시속도\client\include\debug\bulletbust.obj
c:\users\administrator.jusin-20210127w\desktop\0415_타격이펙트랑 버프시속도\client\include\debug\bulletwind.obj
c:\users\administrator.jusin-20210127w\desktop\0415_타격이펙트랑 버프시속도\client\include\debug\dynamiccamera.obj
c:\users\administrator.jusin-20210127w\desktop\0415_타격이펙트랑 버프시속도\client\include\debug\hpui.obj
c:\users\administrator.jusin-20210127w\desktop\0415_타격이펙트랑 버프시속도\client\include\debug\iru.obj
c:\users\administrator.jusin-20210127w\desktop\0415_타격이펙트랑 버프시속도\client\include\debug\loading.obj
c:\users\administrator.jusin-20210127w\desktop\0415_타격이펙트랑 버프시속도\client\include\debug\playerhit.obj
c:\users\administrator.jusin-20210127w\desktop\0415_타격이펙트랑 버프시속도\client\include\debug\hitplayer.obj
c:\users\administrator.jusin-20210127w\desktop\0415_타격이펙트랑 버프시속도\client\bin\client.lib
c:\users\administrator.jusin-20210127w\desktop\0415_타격이펙트랑 버프시속도\client\bin\client.exp
c:\users\administrator.jusin-20210127w\desktop\0415_타격이펙트랑 버프시속도\client\bin\client.ilk
c:\users\administrator.jusin-20210127w\desktop\0415_타격이펙트랑 버프시속도\client\bin\client.exe
c:\users\administrator.jusin-20210127w\desktop\0415_타격이펙트랑 버프시속도\client\bin\client.pdb
c:\users\administrator.jusin-20210127w\desktop\0415_타격이펙트랑 버프시속도\client\include\debug\client.res
c:\users\administrator.jusin-20210127w\desktop\0415_타격이펙트랑 버프시속도\client\include\debug\boss.obj.enc
c:\users\administrator.jusin-20210127w\desktop\0415_타격이펙트랑 버프시속도\client\include\debug\dynamiccamera.obj.enc
c:\users\administrator.jusin-20210127w\desktop\0415_타격이펙트랑 버프시속도\client\include\debug\hpui.obj.enc
c:\users\administrator.jusin-20210127w\desktop\0415_타격이펙트랑 버프시속도\client\include\debug\loading.obj.enc
c:\users\administrator.jusin-20210127w\desktop\0415_타격이펙트랑 버프시속도\client\include\debug\player.obj.enc
c:\users\administrator.jusin-20210127w\desktop\0415_타격이펙트랑 버프시속도\client\include\../bin\client.exe
c:\users\administrator.jusin-20210127w\desktop\0415_타격이펙트랑 버프시속도\client\include\debug\client.tlog\cl.command.1.tlog
c:\users\administrator.jusin-20210127w\desktop\0415_타격이펙트랑 버프시속도\client\include\debug\client.tlog\cl.read.1.tlog
c:\users\administrator.jusin-20210127w\desktop\0415_타격이펙트랑 버프시속도\client\include\debug\client.tlog\cl.write.1.tlog
c:\users\administrator.jusin-20210127w\desktop\0415_타격이펙트랑 버프시속도\client\include\debug\client.tlog\client.write.1u.tlog
c:\users\administrator.jusin-20210127w\desktop\0415_타격이펙트랑 버프시속도\client\include\debug\client.tlog\link.command.1.tlog
c:\users\administrator.jusin-20210127w\desktop\0415_타격이펙트랑 버프시속도\client\include\debug\client.tlog\link.read.1.tlog
c:\users\administrator.jusin-20210127w\desktop\0415_타격이펙트랑 버프시속도\client\include\debug\client.tlog\link.write.1.tlog
c:\users\administrator.jusin-20210127w\desktop\0415_타격이펙트랑 버프시속도\client\include\debug\client.tlog\rc.command.1.tlog
c:\users\administrator.jusin-20210127w\desktop\0415_타격이펙트랑 버프시속도\client\include\debug\client.tlog\rc.read.1.tlog
c:\users\administrator.jusin-20210127w\desktop\0415_타격이펙트랑 버프시속도\client\include\debug\client.tlog\rc.write.1.tlog
