  Utility.vcxproj -> C:\Users\Administrator.JUSIN-20210127W\Desktop\0419_최종이될듯\Engine\Utility\Include\../Bin\Utility.dll
  Utility.vcxproj -> ../Bin\Utility.pdb (Full PDB)
  .\Engine\Utility\Code\Calculator.h
  .\Engine\Utility\Code\Camera.h
  .\Engine\Utility\Code\Collider.h
  .\Engine\Utility\Code\CollisionMgr.h
  .\Engine\Utility\Code\Component.h
  .\Engine\Utility\Code\Frustum.h
  .\Engine\Utility\Code\GameObject.h
  .\Engine\Utility\Code\Layer.h
  .\Engine\Utility\Code\Light.h
  .\Engine\Utility\Code\LightMgr.h
  .\Engine\Utility\Code\Management.h
  .\Engine\Utility\Code\Optimization.h
  .\Engine\Utility\Code\ProtoMgr.h
  .\Engine\Utility\Code\QuadTree.h
  .\Engine\Utility\Code\Renderer.h
  .\Engine\Utility\Code\Scene.h
  .\Engine\Utility\Code\Transform.h
         17개 파일이 복사되었습니다.
  .\Engine\Utility\Code\*.hpp 
          0개 파일이 복사되었습니다.
  지정된 파일을 찾을 수 없습니다.
          1개 파일이 복사되었습니다.
          1개 파일이 복사되었습니다.
  .\Engine\Header\Engine_Define.h
  .\Engine\Header\Engine_Enum.h
  .\Engine\Header\Engine_Function.h
  .\Engine\Header\Engine_Macro.h
  .\Engine\Header\Engine_Struct.h
  .\Engine\Header\Engine_Typedef.h
  .\Engine\Header\Export_Fucntion.h
  .\Engine\Header\Export_Resources.h
  .\Engine\Header\Export_System.h
  .\Engine\Header\Export_Utility.h
         10개 파일이 복사되었습니다.
  .\Engine\Header\Export_Resources.inl
  .\Engine\Header\Export_System.inl
  .\Engine\Header\Export_Utility.inl
          3개 파일이 복사되었습니다.
