c:\users\administrator.jusin-20210127w\documents\jusin_sr\d3dx_sr_team\mfctool\binary\debug\mfctool.pch
c:\users\administrator.jusin-20210127w\documents\jusin_sr\d3dx_sr_team\mfctool\binary\debug\vc140.pdb
c:\users\administrator.jusin-20210127w\documents\jusin_sr\d3dx_sr_team\mfctool\binary\debug\vc140.idb
c:\users\administrator.jusin-20210127w\documents\jusin_sr\d3dx_sr_team\mfctool\binary\debug\stdafx.obj
c:\users\administrator.jusin-20210127w\documents\jusin_sr\d3dx_sr_team\mfctool\binary\debug\timemgr.obj
c:\users\administrator.jusin-20210127w\documents\jusin_sr\d3dx_sr_team\mfctool\binary\debug\transformtool.obj
c:\users\administrator.jusin-20210127w\documents\jusin_sr\d3dx_sr_team\mfctool\binary\debug\vibuffertool.obj
c:\users\administrator.jusin-20210127w\documents\jusin_sr\d3dx_sr_team\mfctool\binary\debug\vibuffer_cubecolortool.obj
c:\users\administrator.jusin-20210127w\documents\jusin_sr\d3dx_sr_team\mfctool\binary\debug\vibuffer_cubelinetool.obj
c:\users\administrator.jusin-20210127w\documents\jusin_sr\d3dx_sr_team\mfctool\binary\debug\vibuffer_cubetexturetool.obj
c:\users\administrator.jusin-20210127w\documents\jusin_sr\d3dx_sr_team\mfctool\binary\debug\vibuffer_plate.obj
c:\users\administrator.jusin-20210127w\documents\jusin_sr\d3dx_sr_team\mfctool\binary\debug\vibuffer_platetexture.obj
c:\users\administrator.jusin-20210127w\documents\jusin_sr\d3dx_sr_team\mfctool\binary\debug\vibuffer_slidercolortool.obj
c:\users\administrator.jusin-20210127w\documents\jusin_sr\d3dx_sr_team\mfctool\binary\debug\fileinfo.obj
c:\users\administrator.jusin-20210127w\documents\jusin_sr\d3dx_sr_team\mfctool\binary\debug\mainfrm.obj
c:\users\administrator.jusin-20210127w\documents\jusin_sr\d3dx_sr_team\mfctool\binary\debug\mfctool.obj
c:\users\administrator.jusin-20210127w\documents\jusin_sr\d3dx_sr_team\mfctool\binary\debug\mfctooldoc.obj
c:\users\administrator.jusin-20210127w\documents\jusin_sr\d3dx_sr_team\mfctool\binary\debug\mfctoolview.obj
c:\users\administrator.jusin-20210127w\documents\jusin_sr\d3dx_sr_team\mfctool\binary\debug\myformview.obj
c:\users\administrator.jusin-20210127w\documents\jusin_sr\d3dx_sr_team\mfctool\binary\debug\randommgr.obj
c:\users\administrator.jusin-20210127w\documents\jusin_sr\d3dx_sr_team\mfctool\binary\debug\tap01.obj
c:\users\administrator.jusin-20210127w\documents\jusin_sr\d3dx_sr_team\mfctool\binary\debug\tap02.obj
c:\users\administrator.jusin-20210127w\documents\jusin_sr\d3dx_sr_team\mfctool\binary\debug\tap03.obj
c:\users\administrator.jusin-20210127w\documents\jusin_sr\d3dx_sr_team\mfctool\binary\debug\tap04.obj
c:\users\administrator.jusin-20210127w\documents\jusin_sr\d3dx_sr_team\mfctool\binary\debug\boxcolor.obj
c:\users\administrator.jusin-20210127w\documents\jusin_sr\d3dx_sr_team\mfctool\binary\debug\componentmgr.obj
c:\users\administrator.jusin-20210127w\documents\jusin_sr\d3dx_sr_team\mfctool\binary\debug\componenttool.obj
c:\users\administrator.jusin-20210127w\documents\jusin_sr\d3dx_sr_team\mfctool\binary\debug\cubecolor.obj
c:\users\administrator.jusin-20210127w\documents\jusin_sr\d3dx_sr_team\mfctool\binary\debug\cubeline.obj
c:\users\administrator.jusin-20210127w\documents\jusin_sr\d3dx_sr_team\mfctool\binary\debug\cubetexture.obj
c:\users\administrator.jusin-20210127w\documents\jusin_sr\d3dx_sr_team\mfctool\binary\debug\gameobj.obj
c:\users\administrator.jusin-20210127w\documents\jusin_sr\d3dx_sr_team\mfctool\binary\debug\gameobjmgr.obj
c:\users\administrator.jusin-20210127w\documents\jusin_sr\d3dx_sr_team\mfctool\binary\debug\maintool.obj
c:\users\administrator.jusin-20210127w\documents\jusin_sr\d3dx_sr_team\mfctool\binary\debug\managementtool.obj
c:\users\administrator.jusin-20210127w\documents\jusin_sr\d3dx_sr_team\mfctool\binary\debug\pipelinestaticstool.obj
c:\users\administrator.jusin-20210127w\documents\jusin_sr\d3dx_sr_team\mfctool\binary\debug\plate.obj
c:\users\administrator.jusin-20210127w\documents\jusin_sr\d3dx_sr_team\mfctool\binary\debug\slidercolor.obj
c:\users\administrator.jusin-20210127w\documents\jusin_sr\d3dx_sr_team\mfctool\binary\debug\texturetool.obj
c:\users\administrator.jusin-20210127w\documents\jusin_sr\d3dx_sr_team\mfctool\binary\mfctool.ilk
c:\users\administrator.jusin-20210127w\documents\jusin_sr\d3dx_sr_team\mfctool\binary\mfctool.exe
c:\users\administrator.jusin-20210127w\documents\jusin_sr\d3dx_sr_team\mfctool\binary\mfctool.pdb
c:\users\administrator.jusin-20210127w\documents\jusin_sr\d3dx_sr_team\mfctool\binary\debug\mfctool.res
c:\users\administrator.jusin-20210127w\documents\jusin_sr\d3dx_sr_team\mfctool\binary\../binary/mfctool.exe
c:\users\administrator.jusin-20210127w\documents\jusin_sr\d3dx_sr_team\mfctool\binary\debug\mfctool.tlog\cl.command.1.tlog
c:\users\administrator.jusin-20210127w\documents\jusin_sr\d3dx_sr_team\mfctool\binary\debug\mfctool.tlog\cl.read.1.tlog
c:\users\administrator.jusin-20210127w\documents\jusin_sr\d3dx_sr_team\mfctool\binary\debug\mfctool.tlog\cl.write.1.tlog
c:\users\administrator.jusin-20210127w\documents\jusin_sr\d3dx_sr_team\mfctool\binary\debug\mfctool.tlog\link.command.1.tlog
c:\users\administrator.jusin-20210127w\documents\jusin_sr\d3dx_sr_team\mfctool\binary\debug\mfctool.tlog\link.read.1.tlog
c:\users\administrator.jusin-20210127w\documents\jusin_sr\d3dx_sr_team\mfctool\binary\debug\mfctool.tlog\link.write.1.tlog
c:\users\administrator.jusin-20210127w\documents\jusin_sr\d3dx_sr_team\mfctool\binary\debug\mfctool.tlog\rc.command.1.tlog
c:\users\administrator.jusin-20210127w\documents\jusin_sr\d3dx_sr_team\mfctool\binary\debug\mfctool.tlog\rc.read.1.tlog
c:\users\administrator.jusin-20210127w\documents\jusin_sr\d3dx_sr_team\mfctool\binary\debug\mfctool.tlog\rc.write.1.tlog
